<?xml version="1.0" encoding="UTF-8"?>
<testng-results ignored="0" total="3" passed="3" failed="0" skipped="0">
  <reporter-output>
  </reporter-output>
  <suite started-at="2022-10-11T20:45:48 IST" name="Suite" finished-at="2022-10-11T20:48:58 IST" duration-ms="190624">
    <groups>
    </groups>
    <test started-at="2022-10-11T20:45:48 IST" name="Test" finished-at="2022-10-11T20:48:58 IST" duration-ms="190624">
      <class name="Scripts.Testcase1">
        <test-method is-config="true" signature="openAPP()[pri:0, instance:Scripts.Testcase1@9225652]" started-at="2022-10-11T20:45:48 IST" name="openAPP" finished-at="2022-10-11T20:45:53 IST" duration-ms="5476" status="PASS">
          <reporter-output>
          </reporter-output>
        </test-method> <!-- openAPP -->
        <test-method signature="tc1()[pri:0, instance:Scripts.Testcase1@9225652]" started-at="2022-10-11T20:45:53 IST" name="tc1" finished-at="2022-10-11T20:46:09 IST" duration-ms="15991" status="PASS">
          <reporter-output>
          </reporter-output>
        </test-method> <!-- tc1 -->
        <test-method is-config="true" signature="closeapp(org.testng.ITestResult)[pri:0, instance:Scripts.Testcase1@9225652]" started-at="2022-10-11T20:46:09 IST" name="closeapp" finished-at="2022-10-11T20:46:10 IST" duration-ms="536" status="PASS">
          <params>
            <param index="0">
              <value>
                <![CDATA[[TestResult name=tc1 status=SUCCESS method=Testcase1.tc1()[pri:0, instance:Scripts.Testcase1@9225652] output={null}]]]>
              </value>
            </param>
          </params>
          <reporter-output>
          </reporter-output>
        </test-method> <!-- closeapp -->
      </class> <!-- Scripts.Testcase1 -->
      <class name="Scripts.Testcase2">
        <test-method is-config="true" signature="openAPP()[pri:0, instance:Scripts.Testcase2@188715b5]" started-at="2022-10-11T20:46:10 IST" name="openAPP" finished-at="2022-10-11T20:46:18 IST" duration-ms="8298" status="PASS">
          <reporter-output>
          </reporter-output>
        </test-method> <!-- openAPP -->
        <test-method signature="tc2()[pri:0, instance:Scripts.Testcase2@188715b5]" started-at="2022-10-11T20:46:18 IST" name="tc2" finished-at="2022-10-11T20:48:09 IST" duration-ms="111414" status="PASS">
          <reporter-output>
          </reporter-output>
        </test-method> <!-- tc2 -->
        <test-method is-config="true" signature="closeapp(org.testng.ITestResult)[pri:0, instance:Scripts.Testcase2@188715b5]" started-at="2022-10-11T20:48:09 IST" name="closeapp" finished-at="2022-10-11T20:48:10 IST" duration-ms="521" status="PASS">
          <params>
            <param index="0">
              <value>
                <![CDATA[[TestResult name=tc2 status=SUCCESS method=Testcase2.tc2()[pri:0, instance:Scripts.Testcase2@188715b5] output={null}]]]>
              </value>
            </param>
          </params>
          <reporter-output>
          </reporter-output>
        </test-method> <!-- closeapp -->
      </class> <!-- Scripts.Testcase2 -->
      <class name="Scripts.Testcase3">
        <test-method is-config="true" signature="openAPP()[pri:0, instance:Scripts.Testcase3@1ea9f6af]" started-at="2022-10-11T20:48:10 IST" name="openAPP" finished-at="2022-10-11T20:48:15 IST" duration-ms="4728" status="PASS">
          <reporter-output>
          </reporter-output>
        </test-method> <!-- openAPP -->
        <test-method signature="tc3()[pri:0, instance:Scripts.Testcase3@1ea9f6af]" started-at="2022-10-11T20:48:15 IST" name="tc3" finished-at="2022-10-11T20:48:58 IST" duration-ms="43180" status="PASS">
          <reporter-output>
          </reporter-output>
        </test-method> <!-- tc3 -->
        <test-method is-config="true" signature="closeapp(org.testng.ITestResult)[pri:0, instance:Scripts.Testcase3@1ea9f6af]" started-at="2022-10-11T20:48:58 IST" name="closeapp" finished-at="2022-10-11T20:48:58 IST" duration-ms="418" status="PASS">
          <params>
            <param index="0">
              <value>
                <![CDATA[[TestResult name=tc3 status=SUCCESS method=Testcase3.tc3()[pri:0, instance:Scripts.Testcase3@1ea9f6af] output={null}]]]>
              </value>
            </param>
          </params>
          <reporter-output>
          </reporter-output>
        </test-method> <!-- closeapp -->
      </class> <!-- Scripts.Testcase3 -->
    </test> <!-- Test -->
  </suite> <!-- Suite -->
</testng-results>
